disk I/O error
[CoreBusinessMetrics] Unable to lock db rows in cache. SQLite returned error message "disk I/O error"
Unity Editor version:    6000.3.1f1 (37142da19a94)
Branch:                  6000.3/respin/6000.3.1f1-f56f53296c2c
Build type:              Release
Batch mode:              YES
System name:             Linux
Distro version:          #91~22.04.1-Ubuntu SMP PREEMPT_DYNAMIC Thu Nov 20 15:20:45 UTC 2
Kernel version:          6.8.0-90-generic
Architecture:            x86_64
Window Protocol:         Wayland (XWayland)
Available memory:        64076 MB
Date:                    2026-01-05T23:32:54Z
[Licensing::Module] Trying to connect to existing licensing client channel...
[Licensing::IpcConnector] Successfully connected to: "LicenseClient-ifpb" at "2026-01-05T23:32:54.577706Z"
[SignatureVerifier] Application signature verification not supported on this platform.
[Licensing::Client] Handshaking with LicensingClient:
  Version:                 1.17.4+4293ba1
  Session Id:              7d0ba5cd69294f88adaa8a9de5c04a2e
  Correlation Id:          b01a32e69019334de4cd9715cdfd0350
  External correlation Id: 3967872841540877258
  Machine Id:              sbIb1fEphs9lQu1gWw5rC7lCrG4=
[Licensing::Module] Successfully connected to LicensingClient on channel: "LicenseClient-ifpb" (connect: 0.00s, validation: 0.00s, handshake: 0.00s)
[Licensing::IpcConnector] Successfully connected to: "LicenseClient-ifpb-notifications" at "2026-01-05T23:32:54.578666Z"
[Licensing::Module] Licensing Background thread has ended after 0.00s
Selected window backend: (null) 
Desktop is 2560 x 1080 @ 60 Hz
Initialize udev device monitor.

COMMAND LINE ARGUMENTS:
Unity
-adb2
-batchMode
-noUpm
-name
AssetImportWorker18
-projectPath
/home/ifpb/Dark Knight
-logFile
Logs/AssetImportWorker18.log
-srvPort
36131
-licensingIpc
LicenseClient-ifpb
-job-worker-count
7
-background-job-worker-count
8
-gc-helper-count
1
Successfully changed project path to: /home/ifpb/Dark Knight
/home/ifpb/Dark Knight
[UnityMemory] Configuration Parameters - Can be set up in boot.config
    "memorysetup-allocator-temp-initial-block-size-main=262144"
    "memorysetup-allocator-temp-initial-block-size-worker=262144"
    "memorysetup-temp-allocator-size-background-worker=32768"
    "memorysetup-temp-allocator-size-job-worker=262144"
    "memorysetup-temp-allocator-size-preload-manager=33554432"
    "memorysetup-temp-allocator-size-nav-mesh-worker=65536"
    "memorysetup-temp-allocator-size-audio-worker=65536"
    "memorysetup-temp-allocator-size-cloud-worker=32768"
    "memorysetup-temp-allocator-size-gi-baking-worker=262144"
    "memorysetup-temp-allocator-size-gi-baking-worker=262144"
    "memorysetup-temp-allocator-size-gi-baking-worker=262144"
    "memorysetup-temp-allocator-size-gi-baking-worker=262144"
    "memorysetup-temp-allocator-size-gi-baking-worker=262144"
    "memorysetup-bucket-allocator-granularity=16"
    "memorysetup-bucket-allocator-bucket-count=8"
    "memorysetup-bucket-allocator-block-size=33554432"
    "memorysetup-bucket-allocator-block-count=8"
    "memorysetup-main-allocator-block-size=16777216"
    "memorysetup-thread-allocator-block-size=16777216"
    "memorysetup-gfx-main-allocator-block-size=16777216"
    "memorysetup-gfx-thread-allocator-block-size=16777216"
    "memorysetup-cache-allocator-block-size=4194304"
    "memorysetup-typetree-allocator-block-size=2097152"
    "memorysetup-profiler-bucket-allocator-granularity=16"
    "memorysetup-profiler-bucket-allocator-bucket-count=8"
    "memorysetup-profiler-bucket-allocator-block-size=33554432"
    "memorysetup-profiler-bucket-allocator-block-count=8"
    "memorysetup-profiler-allocator-block-size=16777216"
    "memorysetup-profiler-editor-allocator-block-size=1048576"
    "memorysetup-temp-allocator-size-main=16777216"
    "memorysetup-job-temp-allocator-block-size=2097152"
    "memorysetup-job-temp-allocator-block-size-background=1048576"
    "memorysetup-job-temp-allocator-reduction-small-platforms=262144"
    "memorysetup-temp-allocator-size-gfx=262144"
Player connection [138674360470272]  Target information:

Player connection [138674360470272]  * "[IP] 192.168.1.14 [Port] 0 [Flags] 2 [Guid] 4046225964 [EditorId] 4046225964 [Version] 1048832 [Id] LinuxEditor(16,192.168.1.14) [Debug] 1 [PackageName] LinuxEditor [ProjectName] Editor" 

Player connection [138674360470272]  * "[IP] 172.18.0.1 [Port] 0 [Flags] 2 [Guid] 4046225964 [EditorId] 4046225964 [Version] 1048832 [Id] LinuxEditor(16,192.168.1.14) [Debug] 1 [PackageName] LinuxEditor [ProjectName] Editor" 

Player connection [138674360470272]  * "[IP] 172.20.0.1 [Port] 0 [Flags] 2 [Guid] 4046225964 [EditorId] 4046225964 [Version] 1048832 [Id] LinuxEditor(16,192.168.1.14) [Debug] 1 [PackageName] LinuxEditor [ProjectName] Editor" 

Player connection [138674360470272]  * "[IP] 172.17.0.1 [Port] 0 [Flags] 2 [Guid] 4046225964 [EditorId] 4046225964 [Version] 1048832 [Id] LinuxEditor(16,192.168.1.14) [Debug] 1 [PackageName] LinuxEditor [ProjectName] Editor" 

Player connection [138674360470272] Host joined multi-casting on [225.0.0.222:54997]...
Player connection [138674360470272] Host joined alternative multi-casting on [225.0.0.222:34997]...
JobSystem: Creating JobQueue using job-worker-count value 7
Input System module state changed to: Initialized.
[Physics::Module] Initialized fallback backend.
[Physics::Module] Id: 0xdecafbad
Library Redirect Path: Library/
[Physics::Module] Selected backend.
[Physics::Module] Name: PhysX
[Physics::Module] Id: 0xf2b8ea05
[Physics::Module] SDK Version: 4.1.2
[Physics::Module] Integration Version: 1.0.0
[Physics::Module] Threading Mode: Multi-Threaded
Refreshing native plugins compatible for Editor in 1,20 ms, found 1 plugins.
Preloading 0 native plugins for Editor in 0,00 ms.
Initialize engine version: 6000.3.1f1 (37142da19a94)
[Subsystems] Discovering subsystems at path /home/ifpb/Unity/Hub/Editor/6000.3.1f1/Editor/Data/Resources/UnitySubsystems
[Subsystems] Discovering subsystems at path /home/ifpb/Dark Knight/Assets
kGfxThreadingModeNonThreaded is not supported on OpenGL Core. Reverting to kGfxThreadingModeDirect instead.
GfxDevice: creating device client; kGfxThreadingModeDirect
GLX Extensions: GLX_ARB_context_flush_control GLX_ARB_create_context GLX_ARB_create_context_no_error GLX_ARB_create_context_profile GLX_ARB_create_context_robustness GLX_ARB_fbconfig_float GLX_ARB_framebuffer_sRGB GLX_ARB_get_proc_address GLX_ARB_multisample GLX_EXT_buffer_age GLX_EXT_create_context_es2_profile GLX_EXT_create_context_es_profile GLX_EXT_fbconfig_packed_float GLX_EXT_framebuffer_sRGB GLX_EXT_no_config_context GLX_EXT_swap_control GLX_EXT_swap_control_tear GLX_EXT_texture_from_pixmap GLX_EXT_visual_info GLX_EXT_visual_rating GLX_MESA_copy_sub_buffer GLX_MESA_query_renderer GLX_MESA_swap_control GLX_OML_swap_method GLX_OML_sync_control GLX_SGIS_multisample GLX_SGIX_fbconfig GLX_SGIX_pbuffer GLX_SGIX_visual_select_group GLX_SGI_make_current_read GLX_SGI_video_sync 
Renderer: Mesa Intel(R) UHD Graphics 730 (ADL-S GT1)
Vendor:   Intel
Version:  4.6 (Core Profile) Mesa 23.2.1-1ubuntu3.1~22.04.3
GLES:     0
 GL_3DFX_texture_compression_FXT1 GL_AMD_conservative_depth GL_AMD_depth_clamp_separate GL_AMD_draw_buffers_blend GL_AMD_gpu_shader_int64 GL_AMD_multi_draw_indirect GL_AMD_performance_monitor GL_AMD_pinned_memory GL_AMD_query_buffer_object GL_AMD_seamless_cubemap_per_texture GL_AMD_shader_stencil_export GL_AMD_shader_trinary_minmax GL_AMD_texture_texture4 GL_AMD_vertex_shader_layer GL_AMD_vertex_shader_viewport_index GL_ANGLE_texture_compression_dxt3 GL_ANGLE_texture_compression_dxt5 GL_ARB_ES2_compatibility GL_ARB_ES3_1_compatibility GL_ARB_ES3_2_compatibility GL_ARB_ES3_compatibility GL_ARB_arrays_of_arrays GL_ARB_base_instance GL_ARB_blend_func_extended GL_ARB_buffer_storage GL_ARB_clear_buffer_object GL_ARB_clear_texture GL_ARB_clip_control GL_ARB_compressed_texture_pixel_storage GL_ARB_compute_shader GL_ARB_compute_variable_group_size GL_ARB_conditional_render_inverted GL_ARB_conservative_depth GL_ARB_copy_buffer GL_ARB_copy_image GL_ARB_cull_distance GL_ARB_debug_output GL_ARB_depth_buffer_float GL_ARB
_depth_clamp GL_ARB_derivative_control GL_ARB_direct_state_access GL_ARB_draw_buffers GL_ARB_draw_buffers_blend GL_ARB_draw_elements_base_vertex GL_ARB_draw_indirect GL_ARB_draw_instanced GL_ARB_enhanced_layouts GL_ARB_explicit_attrib_location GL_ARB_explicit_uniform_location GL_ARB_fragment_coord_conventions GL_ARB_fragment_layer_viewport GL_ARB_fragment_shader GL_ARB_fragment_shader_interlock GL_ARB_framebuffer_no_attachments GL_ARB_framebuffer_object GL_ARB_framebuffer_sRGB GL_ARB_get_program_binary GL_ARB_get_texture_sub_image GL_ARB_gl_spirv GL_ARB_gpu_shader5 GL_ARB_gpu_shader_fp64 GL_ARB_gpu_shader_int64 GL_ARB_half_float_pixel GL_ARB_half_float_vertex GL_ARB_indirect_parameters GL_ARB_instanced_arrays GL_ARB_internalformat_query GL_ARB_internalformat_query2 GL_ARB_invalidate_subdata GL_ARB_map_buffer_alignment GL_ARB_map_buffer_range GL_ARB_multi_bind GL_ARB_multi_draw_indirect GL_ARB_occlusion_query2 GL_ARB_parallel_shader_compile GL_ARB_pipeline_statistics_query GL_ARB_pixel_buffer_object GL_ARB_po
int_sprite GL_ARB_polygon_offset_clamp GL_ARB_post_depth_coverage GL_ARB_program_interface_query GL_ARB_provoking_vertex GL_ARB_query_buffer_object GL_ARB_robust_buffer_access_behavior GL_ARB_robustness GL_ARB_sample_shading GL_ARB_sampler_objects GL_ARB_seamless_cube_map GL_ARB_seamless_cubemap_per_texture GL_ARB_separate_shader_objects GL_ARB_shader_atomic_counter_ops GL_ARB_shader_atomic_counters GL_ARB_shader_ballot GL_ARB_shader_bit_encoding GL_ARB_shader_clock GL_ARB_shader_draw_parameters GL_ARB_shader_group_vote GL_ARB_shader_image_load_store GL_ARB_shader_image_size GL_ARB_shader_objects GL_ARB_shader_precision GL_ARB_shader_stencil_export GL_ARB_shader_storage_buffer_object GL_ARB_shader_subroutine GL_ARB_shader_texture_image_samples GL_ARB_shader_texture_lod GL_ARB_shader_viewport_layer_array GL_ARB_shading_language_420pack GL_ARB_shading_language_include GL_ARB_shading_language_packing GL_ARB_spirv_extensions GL_ARB_stencil_texturing GL_ARB_sync GL_ARB_tessellation_shader GL_ARB_texture_barrier G
L_ARB_texture_buffer_object GL_ARB_texture_buffer_object_rgb32 GL_ARB_texture_buffer_range GL_ARB_texture_compression_bptc GL_ARB_texture_compression_rgtc GL_ARB_texture_cube_map_array GL_ARB_texture_filter_anisotropic GL_ARB_texture_float GL_ARB_texture_gather GL_ARB_texture_mirror_clamp_to_edge GL_ARB_texture_multisample GL_ARB_texture_non_power_of_two GL_ARB_texture_query_levels GL_ARB_texture_query_lod GL_ARB_texture_rectangle GL_ARB_texture_rg GL_ARB_texture_rgb10_a2ui GL_ARB_texture_stencil8 GL_ARB_texture_storage GL_ARB_texture_storage_multisample GL_ARB_texture_swizzle GL_ARB_texture_view GL_ARB_timer_query GL_ARB_transform_feedback2 GL_ARB_transform_feedback3 GL_ARB_transform_feedback_instanced GL_ARB_transform_feedback_overflow_query GL_ARB_uniform_buffer_object GL_ARB_vertex_array_bgra GL_ARB_vertex_array_object GL_ARB_vertex_attrib_64bit GL_ARB_vertex_attrib_binding GL_ARB_vertex_buffer_object GL_ARB_vertex_shader GL_ARB_vertex_type_10f_11f_11f_rev GL_ARB_vertex_type_2_10_10_10_rev GL_ARB_viewpor
t_array GL_ATI_blend_equation_separate GL_ATI_texture_float GL_EXT_EGL_image_storage GL_EXT_EGL_sync GL_EXT_abgr GL_EXT_blend_equation_separate GL_EXT_debug_label GL_EXT_demote_to_helper_invocation GL_EXT_depth_bounds_test GL_EXT_draw_buffers2 GL_EXT_draw_instanced GL_EXT_framebuffer_blit GL_EXT_framebuffer_multisample GL_EXT_framebuffer_multisample_blit_scaled GL_EXT_framebuffer_object GL_EXT_framebuffer_sRGB GL_EXT_memory_object GL_EXT_memory_object_fd GL_EXT_packed_depth_stencil GL_EXT_packed_float GL_EXT_pixel_buffer_object GL_EXT_polygon_offset_clamp GL_EXT_provoking_vertex GL_EXT_semaphore GL_EXT_semaphore_fd GL_EXT_shader_framebuffer_fetch GL_EXT_shader_framebuffer_fetch_non_coherent GL_EXT_shader_integer_mix GL_EXT_shader_samples_identical GL_EXT_texture_array GL_EXT_texture_compression_dxt1 GL_EXT_texture_compression_rgtc GL_EXT_texture_compression_s3tc GL_EXT_texture_filter_anisotropic GL_EXT_texture_integer GL_EXT_texture_sRGB GL_EXT_texture_sRGB_R8 GL_EXT_texture_sRGB_decode GL_EXT_texture_shadow
_lod GL_EXT_texture_shared_exponent GL_EXT_texture_snorm GL_EXT_texture_swizzle GL_EXT_timer_query GL_EXT_transform_feedback GL_EXT_vertex_array_bgra GL_EXT_vertex_attrib_64bit GL_IBM_multimode_draw_arrays GL_INTEL_blackhole_render GL_INTEL_conservative_rasterization GL_INTEL_performance_query GL_INTEL_shader_atomic_float_minmax GL_INTEL_shader_integer_functions2 GL_KHR_blend_equation_advanced GL_KHR_blend_equation_advanced_coherent GL_KHR_context_flush_control GL_KHR_debug GL_KHR_no_error GL_KHR_parallel_shader_compile GL_KHR_robust_buffer_access_behavior GL_KHR_robustness GL_KHR_texture_compression_astc_ldr GL_KHR_texture_compression_astc_sliced_3d GL_MESA_framebuffer_flip_y GL_MESA_pack_invert GL_MESA_shader_integer_functions GL_MESA_texture_signed_rgba GL_NV_alpha_to_coverage_dither_control GL_NV_compute_shader_derivatives GL_NV_conditional_render GL_NV_copy_image GL_NV_depth_clamp GL_NV_fragment_shader_interlock GL_NV_packed_depth_stencil GL_NV_texture_barrier GL_OES_EGL_image GL_S3_s3tc
OPENGL LOG: Creating OpenGL 4.6 graphics device ; Context level  <OpenGL 4.5> ; Context handle -985133568
Initialize mono
Mono path[0] = '/home/ifpb/Unity/Hub/Editor/6000.3.1f1/Editor/Data/Managed'
Mono path[1] = '/home/ifpb/Unity/Hub/Editor/6000.3.1f1/Editor/Data/MonoBleedingEdge/lib/mono/unityjit-linux'
Mono config path = '/home/ifpb/Unity/Hub/Editor/6000.3.1f1/Editor/Data/MonoBleedingEdge/etc'
Using monoOptions --debugger-agent=transport=dt_socket,embedding=1,server=y,suspend=n,address=127.0.0.1:56251
Begin MonoManager ReloadAssembly
Registering precompiled unity dll's ...
Register platform support module: /home/ifpb/Unity/Hub/Editor/6000.3.1f1/Editor/Data/PlaybackEngines/WebGLSupport/UnityEditor.WebGL.Extensions.dll
Register platform support module: /home/ifpb/Unity/Hub/Editor/6000.3.1f1/Editor/Data/PlaybackEngines/WindowsStandaloneSupport/UnityEditor.WindowsStandalone.Extensions.dll
[Licensing::Client] Successfully resolved entitlement details
[Licensing::Module] License group:
  Id: 4674135863822-UnityPersXXXX
  Product: Unity Personal
  Type: Assigned
  Expiration: Unlimited
Register platform support module: /home/ifpb/Unity/Hub/Editor/6000.3.1f1/Editor/Data/PlaybackEngines/AndroidPlayer/UnityEditor.Android.Extensions.dll
Register platform support module: /home/ifpb/Unity/Hub/Editor/6000.3.1f1/Editor/Data/PlaybackEngines/LinuxStandaloneSupport/UnityEditor.LinuxStandalone.Extensions.dll
Registered in 0,001806 seconds.
- Loaded All Assemblies, in  0,314 seconds
Native extension for LinuxStandalone target not found
Native extension for Android target not found
Android Extension - Scanning For ADB Devices 205 ms
Native extension for WindowsStandalone target not found
Native extension for WebGL target not found
Package Manager log level set to [2]
[Package Manager] Failed to launch server process. Reason: Unity was launched with the -noUpm command-line argument
[Package Manager] Unable to send message (not connected to server process).
[Package Manager] Cannot connect to Unity Package Manager local server
Mono: successfully reloaded assembly
- Finished resetting the current domain, in  0,607 seconds
Domain Reload Profiling: 921ms
	BeginReloadAssembly (66ms)
		ExecutionOrderSort (0ms)
		DisableScriptedObjects (0ms)
		BackupInstance (0ms)
		ReleaseScriptingObjects (0ms)
		CreateAndSetChildDomain (1ms)
	RebuildCommonClasses (33ms)
	RebuildNativeTypeToScriptingClass (7ms)
	initialDomainReloadingComplete (51ms)
	LoadAllAssembliesAndSetupDomain (156ms)
		LoadAssemblies (67ms)
		RebuildTransferFunctionScriptingTraits (0ms)
		AnalyzeDomain (152ms)
			TypeCache.Refresh (151ms)
				TypeCache.ScanAssembly (140ms)
			BuildScriptInfoCaches (0ms)
			ResolveRequiredComponents (0ms)
	FinalizeReload (607ms)
		ReleaseScriptCaches (0ms)
		RebuildScriptCaches (0ms)
		SetupLoadedEditorAssemblies (567ms)
			LogAssemblyErrors (0ms)
			InitializePlatformSupportModulesInManaged (290ms)
			SetLoadedEditorAssemblies (4ms)
			BeforeProcessingInitializeOnLoad (90ms)
			ProcessInitializeOnLoadAttributes (119ms)
			ProcessInitializeOnLoadMethodAttributes (63ms)
			AfterProcessingInitializeOnLoad (0ms)
			EditorAssembliesLoaded (0ms)
		ExecutionOrderSort2 (0ms)
		AwakeInstancesAfterBackupRestoration (0ms)
[CoreBusinessMetrics] Failed to get row count. SQLite returned error message "disk I/O error"========================================================================
Worker process is ready to serve import requests
Import Worker Mode flag is 0x00
Begin MonoManager ReloadAssembly
[Licensing::Client] Successfully resolved entitlement details
- Loaded All Assemblies, in  0,603 seconds
Refreshing native plugins compatible for Editor in 0,31 ms, found 1 plugins.
Native extension for LinuxStandalone target not found
Native extension for Android target not found
Native extension for WindowsStandalone target not found
Native extension for WebGL target not found
[Package Manager] Failed to launch server process. Reason: Unity was launched with the -noUpm command-line argument
[Package Manager] Unable to send message (not connected to server process).
[Package Manager] Cannot connect to Unity Package Manager local server
Mono: successfully reloaded assembly
- Finished resetting the current domain, in  0,793 seconds
Domain Reload Profiling: 1395ms
	BeginReloadAssembly (124ms)
		ExecutionOrderSort (0ms)
		DisableScriptedObjects (5ms)
		BackupInstance (0ms)
		ReleaseScriptingObjects (0ms)
		CreateAndSetChildDomain (35ms)
	RebuildCommonClasses (31ms)
	RebuildNativeTypeToScriptingClass (7ms)
	initialDomainReloadingComplete (35ms)
	LoadAllAssembliesAndSetupDomain (404ms)
		LoadAssemblies (225ms)
		RebuildTransferFunctionScriptingTraits (0ms)
		AnalyzeDomain (228ms)
			TypeCache.Refresh (173ms)
				TypeCache.ScanAssembly (159ms)
			BuildScriptInfoCaches (44ms)
			ResolveRequiredComponents (9ms)
	FinalizeReload (793ms)
		ReleaseScriptCaches (0ms)
		RebuildScriptCaches (0ms)
		SetupLoadedEditorAssemblies (674ms)
			LogAssemblyErrors (0ms)
			InitializePlatformSupportModulesInManaged (15ms)
			SetLoadedEditorAssemblies (3ms)
			BeforeProcessingInitializeOnLoad (117ms)
			ProcessInitializeOnLoadAttributes (432ms)
			ProcessInitializeOnLoadMethodAttributes (105ms)
			AfterProcessingInitializeOnLoad (2ms)
			EditorAssembliesLoaded (0ms)
		ExecutionOrderSort2 (0ms)
		AwakeInstancesAfterBackupRestoration (3ms)
AutoLocale: current locale expects 'C' but got 'pt_BR.UTF-8'Launched and connected shader compiler UnityShaderCompiler after 0.01 seconds
Refreshing native plugins compatible for Editor in 0.32 ms, found 1 plugins.
Preloading 0 native plugins for Editor in 0.00 ms.
Unloading 16 Unused Serialized files (Serialized files now loaded: 0)
Unloading 6929 unused Assets / (4.8 MB). Loaded Objects now: 7764.
Memory consumption went from 145.1 MB to 140.3 MB.
Total: 9.926393 ms (FindLiveObjects: 0.453341 ms CreateObjectMapping: 0.542727 ms MarkObjects: 5.843227 ms  DeleteObjects: 3.086425 ms)

========================================================================
Received Import Request.
  Time since last request: 468274.842199 seconds.
  path: Assets/Leohpaz/RPG_Essentials_Free/12_Player_Movement_SFX/12_Step_wood_03.wav
  artifactKey: Guid(2352822feb4caa14ebdbc0c713289f8d) Importer(2089858483,b0f066a214c2f5e87bad3c948f4d605d)
Start importing Assets/Leohpaz/RPG_Essentials_Free/12_Player_Movement_SFX/12_Step_wood_03.wav using Guid(2352822feb4caa14ebdbc0c713289f8d) Importer(2089858483,b0f066a214c2f5e87bad3c948f4d605d) (ScriptedImporter) -> (artifact id: '77903bc0b304908b390906caa01ced45') in 0.081453214 seconds
Number of updated asset objects reloaded before import = 0Number of asset objects unloaded after import = 1

========================================================================
Received Import Request.
  Time since last request: 0.000013 seconds.
  path: Assets/Multiple Solutions/Basic RPG Sounds/Audio/Phone Booth 5.wav
  artifactKey: Guid(baa9c7591b5913f4eb886bd002869629) Importer(2089858483,b0f066a214c2f5e87bad3c948f4d605d)
Start importing Assets/Multiple Solutions/Basic RPG Sounds/Audio/Phone Booth 5.wav using Guid(baa9c7591b5913f4eb886bd002869629) Importer(2089858483,b0f066a214c2f5e87bad3c948f4d605d) (ScriptedImporter) -> (artifact id: 'cd24398f9e3b99baeb1b6a1b6bcdd9eb') in 0.016235926 seconds
Number of updated asset objects reloaded before import = 0Number of asset objects unloaded after import = 1

========================================================================
Received Import Request.
  Time since last request: 0.000024 seconds.
  path: Assets/Multiple Solutions/Basic RPG Sounds/Audio/Lockpick 1.wav
  artifactKey: Guid(05aef5690d6a599449bde289382197e2) Importer(2089858483,b0f066a214c2f5e87bad3c948f4d605d)
Start importing Assets/Multiple Solutions/Basic RPG Sounds/Audio/Lockpick 1.wav using Guid(05aef5690d6a599449bde289382197e2) Importer(2089858483,b0f066a214c2f5e87bad3c948f4d605d) (ScriptedImporter) -> (artifact id: 'f9f6eab01c36f4d9f4503dede048fac6') in 0.016285127 seconds
Number of updated asset objects reloaded before import = 0Number of asset objects unloaded after import = 1

========================================================================
Received Import Request.
  Time since last request: 0.344586 seconds.
  path: Assets/Multiple Solutions/Basic RPG Sounds/Audio/Door Dungeon Lock 8.wav
  artifactKey: Guid(1afb4e915bd5b2543abd851898af25d2) Importer(2089858483,b0f066a214c2f5e87bad3c948f4d605d)
Start importing Assets/Multiple Solutions/Basic RPG Sounds/Audio/Door Dungeon Lock 8.wav using Guid(1afb4e915bd5b2543abd851898af25d2) Importer(2089858483,b0f066a214c2f5e87bad3c948f4d605d) (ScriptedImporter) -> (artifact id: '3e1ceb9a8e46c330f0fc1089167c3597') in 0.014652406 seconds
Number of updated asset objects reloaded before import = 0Number of asset objects unloaded after import = 1

========================================================================
Received Import Request.
  Time since last request: 0.000015 seconds.
  path: Assets/Multiple Solutions/Basic RPG Sounds/Audio/Dial Tone 4.wav
  artifactKey: Guid(a924a197fb67dc54c8333971faab862d) Importer(2089858483,b0f066a214c2f5e87bad3c948f4d605d)
Start importing Assets/Multiple Solutions/Basic RPG Sounds/Audio/Dial Tone 4.wav using Guid(a924a197fb67dc54c8333971faab862d) Importer(2089858483,b0f066a214c2f5e87bad3c948f4d605d) (ScriptedImporter) -> (artifact id: 'e15c2a14a4384844b80631606bec77da') in 0.015742671 seconds
Number of updated asset objects reloaded before import = 0Number of asset objects unloaded after import = 1

========================================================================
Received Import Request.
  Time since last request: 0.445649 seconds.
  path: Assets/Multiple Solutions/Basic RPG Sounds/Audio/Glass Breaking 1.wav
  artifactKey: Guid(9497f221b71bfd346ad4e3a505f7d10f) Importer(2089858483,b0f066a214c2f5e87bad3c948f4d605d)
Start importing Assets/Multiple Solutions/Basic RPG Sounds/Audio/Glass Breaking 1.wav using Guid(9497f221b71bfd346ad4e3a505f7d10f) Importer(2089858483,b0f066a214c2f5e87bad3c948f4d605d) (ScriptedImporter) -> (artifact id: '79a55735c13e36ae884a398393080267') in 0.01462589 seconds
Number of updated asset objects reloaded before import = 0Number of asset objects unloaded after import = 1

========================================================================
Received Import Request.
  Time since last request: 0.000012 seconds.
  path: Assets/Multiple Solutions/Basic RPG Sounds/Audio/Grenade 2(Next Door).wav
  artifactKey: Guid(4ac2ef86e9b22fa42af552ee36ee31d7) Importer(2089858483,b0f066a214c2f5e87bad3c948f4d605d)
Start importing Assets/Multiple Solutions/Basic RPG Sounds/Audio/Grenade 2(Next Door).wav using Guid(4ac2ef86e9b22fa42af552ee36ee31d7) Importer(2089858483,b0f066a214c2f5e87bad3c948f4d605d) (ScriptedImporter) -> (artifact id: 'deccde56f57cc2fe03fc9a54b9f61c44') in 0.015319997 seconds
Number of updated asset objects reloaded before import = 0Number of asset objects unloaded after import = 1

========================================================================
Received Import Request.
  Time since last request: 0.454355 seconds.
  path: Assets/Multiple Solutions/Basic RPG Sounds/Audio/Gattling Laser 5.wav
  artifactKey: Guid(e88e5710432116e4892972d4da3e1fab) Importer(2089858483,b0f066a214c2f5e87bad3c948f4d605d)
Start importing Assets/Multiple Solutions/Basic RPG Sounds/Audio/Gattling Laser 5.wav using Guid(e88e5710432116e4892972d4da3e1fab) Importer(2089858483,b0f066a214c2f5e87bad3c948f4d605d) (ScriptedImporter) -> (artifact id: 'b20989bd91905c43cd86d78d605abbf2') in 0.015961012 seconds
Number of updated asset objects reloaded before import = 0Number of asset objects unloaded after import = 1

========================================================================
Received Import Request.
  Time since last request: 0.470434 seconds.
  path: Assets/Multiple Solutions/Basic RPG Sounds/Audio/Lockpick 6.wav
  artifactKey: Guid(1abedea2626700a46912734d311fa376) Importer(2089858483,b0f066a214c2f5e87bad3c948f4d605d)
Start importing Assets/Multiple Solutions/Basic RPG Sounds/Audio/Lockpick 6.wav using Guid(1abedea2626700a46912734d311fa376) Importer(2089858483,b0f066a214c2f5e87bad3c948f4d605d) (ScriptedImporter) -> (artifact id: '12cfd377bd8aba70736fd7694c70cf88') in 0.016073876 seconds
Number of updated asset objects reloaded before import = 0Number of asset objects unloaded after import = 1

========================================================================
Received Import Request.
  Time since last request: 0.467489 seconds.
  path: Assets/Multiple Solutions/Basic RPG Sounds/Audio/Electricity 2.wav
  artifactKey: Guid(a66ce3e6bfc4ee64495f82fa8af5e68c) Importer(2089858483,b0f066a214c2f5e87bad3c948f4d605d)
Start importing Assets/Multiple Solutions/Basic RPG Sounds/Audio/Electricity 2.wav using Guid(a66ce3e6bfc4ee64495f82fa8af5e68c) Importer(2089858483,b0f066a214c2f5e87bad3c948f4d605d) (ScriptedImporter) -> (artifact id: 'e315ef0e22a44a0bc60b408204834070') in 0.014690343 seconds
Number of updated asset objects reloaded before import = 0Number of asset objects unloaded after import = 1

========================================================================
Received Import Request.
  Time since last request: 0.000014 seconds.
  path: Assets/Multiple Solutions/Basic RPG Sounds/Audio/D Pad Item left 2.wav
  artifactKey: Guid(acdc40a9823f9d64ebbbad8ada33181b) Importer(2089858483,b0f066a214c2f5e87bad3c948f4d605d)
Start importing Assets/Multiple Solutions/Basic RPG Sounds/Audio/D Pad Item left 2.wav using Guid(acdc40a9823f9d64ebbbad8ada33181b) Importer(2089858483,b0f066a214c2f5e87bad3c948f4d605d) (ScriptedImporter) -> (artifact id: '8932f5a47601953b55022d77bd91bad6') in 0.01500496 seconds
Number of updated asset objects reloaded before import = 0Number of asset objects unloaded after import = 1

========================================================================
Received Import Request.
  Time since last request: 8.928317 seconds.
  path: Assets/Audio/Leohpaz
  artifactKey: Guid(943f7da048cf20ec68c22e35d7a6b993) Importer(2089858483,b0f066a214c2f5e87bad3c948f4d605d)
Start importing Assets/Audio/Leohpaz using Guid(943f7da048cf20ec68c22e35d7a6b993) Importer(2089858483,b0f066a214c2f5e87bad3c948f4d605d) (ScriptedImporter) -> (artifact id: '1ab8f1b3c99f52eb8f2453faf4691245') in 0.001464671 seconds
Number of updated asset objects reloaded before import = 0Number of asset objects unloaded after import = 1

========================================================================
Received Import Request.
  Time since last request: 0.000011 seconds.
  path: Assets/Audio/Leohpaz/RPG_Essentials_Free/12_Player_Movement_SFX/42_Cling_climb_03.wav
  artifactKey: Guid(e1e2d06fe0d78194b9c7c8cc88414d0d) Importer(2089858483,b0f066a214c2f5e87bad3c948f4d605d)
Start importing Assets/Audio/Leohpaz/RPG_Essentials_Free/12_Player_Movement_SFX/42_Cling_climb_03.wav using Guid(e1e2d06fe0d78194b9c7c8cc88414d0d) Importer(2089858483,b0f066a214c2f5e87bad3c948f4d605d) (ScriptedImporter) -> (artifact id: '6293a559a698d7287bf575be7c3f6788') in 0.016456839 seconds
Number of updated asset objects reloaded before import = 0Number of asset objects unloaded after import = 1

========================================================================
Received Import Request.
  Time since last request: 0.000011 seconds.
  path: Assets/Audio/Leohpaz/RPG_Essentials_Free/8_Buffs_Heals_SFX/44_Sleep_01.wav
  artifactKey: Guid(aa967a280457c054bb646d57611f5bd0) Importer(2089858483,b0f066a214c2f5e87bad3c948f4d605d)
Start importing Assets/Audio/Leohpaz/RPG_Essentials_Free/8_Buffs_Heals_SFX/44_Sleep_01.wav using Guid(aa967a280457c054bb646d57611f5bd0) Importer(2089858483,b0f066a214c2f5e87bad3c948f4d605d) (ScriptedImporter) -> (artifact id: 'ed5f813987273dac68dd5a55265224b3') in 0.020031937 seconds
Number of updated asset objects reloaded before import = 0Number of asset objects unloaded after import = 1

========================================================================
Received Import Request.
  Time since last request: 0.000016 seconds.
  path: Assets/Audio/Leohpaz/RPG_Essentials_Free/8_Atk_Magic_SFX/04_Fire_explosion_04_medium.wav
  artifactKey: Guid(a652877b012108e41871f867ada9f176) Importer(2089858483,b0f066a214c2f5e87bad3c948f4d605d)
Start importing Assets/Audio/Leohpaz/RPG_Essentials_Free/8_Atk_Magic_SFX/04_Fire_explosion_04_medium.wav using Guid(a652877b012108e41871f867ada9f176) Importer(2089858483,b0f066a214c2f5e87bad3c948f4d605d) (ScriptedImporter) -> (artifact id: '9e2b842a97d9220610d2abe12b829223') in 0.01910539 seconds
Number of updated asset objects reloaded before import = 0Number of asset objects unloaded after import = 1

========================================================================
Received Import Request.
  Time since last request: 0.000018 seconds.
  path: Assets/Audio/Leohpaz/RPG_Essentials_Free/12_Player_Movement_SFX/61_Hit_03.wav
  artifactKey: Guid(8b23b175a78d6b5458322e3a6c9905d0) Importer(2089858483,b0f066a214c2f5e87bad3c948f4d605d)
Start importing Assets/Audio/Leohpaz/RPG_Essentials_Free/12_Player_Movement_SFX/61_Hit_03.wav using Guid(8b23b175a78d6b5458322e3a6c9905d0) Importer(2089858483,b0f066a214c2f5e87bad3c948f4d605d) (ScriptedImporter) -> (artifact id: 'bdec87569a62ef5ca0be12ec2c52843f') in 0.016675577 seconds
Number of updated asset objects reloaded before import = 0Number of asset objects unloaded after import = 1

========================================================================
Received Import Request.
  Time since last request: 0.000010 seconds.
  path: Assets/Audio/Leohpaz/RPG_Essentials_Free/8_Buffs_Heals_SFX/02_Heal_02.wav
  artifactKey: Guid(cfce0cea076109f478783201b2a9f57f) Importer(2089858483,b0f066a214c2f5e87bad3c948f4d605d)
Start importing Assets/Audio/Leohpaz/RPG_Essentials_Free/8_Buffs_Heals_SFX/02_Heal_02.wav using Guid(cfce0cea076109f478783201b2a9f57f) Importer(2089858483,b0f066a214c2f5e87bad3c948f4d605d) (ScriptedImporter) -> (artifact id: 'd77b42495439964d56e2bdce32242e27') in 0.021334841 seconds
Number of updated asset objects reloaded before import = 0Number of asset objects unloaded after import = 1

========================================================================
Received Import Request.
  Time since last request: 0.000009 seconds.
  path: Assets/Audio/Leohpaz/RPG_Essentials_Free/8_Buffs_Heals_SFX/16_Atk_buff_04.wav
  artifactKey: Guid(b0e62ed71b1538648b719821f4f63b4c) Importer(2089858483,b0f066a214c2f5e87bad3c948f4d605d)
Start importing Assets/Audio/Leohpaz/RPG_Essentials_Free/8_Buffs_Heals_SFX/16_Atk_buff_04.wav using Guid(b0e62ed71b1538648b719821f4f63b4c) Importer(2089858483,b0f066a214c2f5e87bad3c948f4d605d) (ScriptedImporter) -> (artifact id: '094134bbdde7f7fdc6c1079a00669e5f') in 0.021741404 seconds
Number of updated asset objects reloaded before import = 0Number of asset objects unloaded after import = 1

========================================================================
Received Import Request.
  Time since last request: 0.000012 seconds.
  path: Assets/Audio/Leohpaz/RPG_Essentials_Free/10_UI_Menu_SFX/071_Unequip_01.wav
  artifactKey: Guid(78ad99fd0a0a5144280b07bbdba84815) Importer(2089858483,b0f066a214c2f5e87bad3c948f4d605d)
Start importing Assets/Audio/Leohpaz/RPG_Essentials_Free/10_UI_Menu_SFX/071_Unequip_01.wav using Guid(78ad99fd0a0a5144280b07bbdba84815) Importer(2089858483,b0f066a214c2f5e87bad3c948f4d605d) (ScriptedImporter) -> (artifact id: '888a388438f9f83b797d31b2b4cedeea') in 0.018084712 seconds
Number of updated asset objects reloaded before import = 0Number of asset objects unloaded after import = 1

========================================================================
Received Import Request.
  Time since last request: 0.000012 seconds.
  path: Assets/Audio/Leohpaz/RPG_Essentials_Free/8_Atk_Magic_SFX/22_Water_02.wav
  artifactKey: Guid(1eb7cbaf61d23a64bbd36c0a38b5cb0c) Importer(2089858483,b0f066a214c2f5e87bad3c948f4d605d)
Start importing Assets/Audio/Leohpaz/RPG_Essentials_Free/8_Atk_Magic_SFX/22_Water_02.wav using Guid(1eb7cbaf61d23a64bbd36c0a38b5cb0c) Importer(2089858483,b0f066a214c2f5e87bad3c948f4d605d) (ScriptedImporter) -> (artifact id: '7e244779dc246936f35ba08deb33a387') in 0.021464559 seconds
Number of updated asset objects reloaded before import = 0Number of asset objects unloaded after import = 1

========================================================================
Received Import Request.
  Time since last request: 0.000009 seconds.
  path: Assets/Audio/Leohpaz/RPG_Essentials_Free/10_Battle_SFX/69_Enemy_death_01.wav
  artifactKey: Guid(566d2ea6240b489479a6e9fd608c2621) Importer(2089858483,b0f066a214c2f5e87bad3c948f4d605d)
Start importing Assets/Audio/Leohpaz/RPG_Essentials_Free/10_Battle_SFX/69_Enemy_death_01.wav using Guid(566d2ea6240b489479a6e9fd608c2621) Importer(2089858483,b0f066a214c2f5e87bad3c948f4d605d) (ScriptedImporter) -> (artifact id: '86db6844b3b38544ec93339ec9ae2b07') in 0.020574352 seconds
Number of updated asset objects reloaded before import = 0Number of asset objects unloaded after import = 1

========================================================================
Received Import Request.
  Time since last request: 0.000015 seconds.
  path: Assets/Audio/Leohpaz/RPG_Essentials_Free/12_Player_Movement_SFX/03_Step_grass_03.wav
  artifactKey: Guid(df7087e4d8a8bb546bc08ce68632903f) Importer(2089858483,b0f066a214c2f5e87bad3c948f4d605d)
Start importing Assets/Audio/Leohpaz/RPG_Essentials_Free/12_Player_Movement_SFX/03_Step_grass_03.wav using Guid(df7087e4d8a8bb546bc08ce68632903f) Importer(2089858483,b0f066a214c2f5e87bad3c948f4d605d) (ScriptedImporter) -> (artifact id: '10c874a7e3482dc3893b5f9d8b9869be') in 0.015842583 seconds
Number of updated asset objects reloaded before import = 0Number of asset objects unloaded after import = 1

========================================================================
Received Import Request.
  Time since last request: 0.000020 seconds.
  path: Assets/Audio/Leohpaz/RPG_Essentials_Free/8_Buffs_Heals_SFX/48_Speed_up_02.wav
  artifactKey: Guid(6cf9c85b5a3b88c468b21b9d21250adf) Importer(2089858483,b0f066a214c2f5e87bad3c948f4d605d)
Start importing Assets/Audio/Leohpaz/RPG_Essentials_Free/8_Buffs_Heals_SFX/48_Speed_up_02.wav using Guid(6cf9c85b5a3b88c468b21b9d21250adf) Importer(2089858483,b0f066a214c2f5e87bad3c948f4d605d) (ScriptedImporter) -> (artifact id: 'a20f86444ed623b6a1145d136c288d98') in 0.025346744 seconds
Number of updated asset objects reloaded before import = 0Number of asset objects unloaded after import = 1

========================================================================
Received Import Request.
  Time since last request: 0.000011 seconds.
  path: Assets/Audio/Leohpaz/RPG_Essentials_Free/8_Atk_Magic_SFX
  artifactKey: Guid(346b108228ad91c4881c54fac60e294e) Importer(2089858483,b0f066a214c2f5e87bad3c948f4d605d)
Start importing Assets/Audio/Leohpaz/RPG_Essentials_Free/8_Atk_Magic_SFX using Guid(346b108228ad91c4881c54fac60e294e) Importer(2089858483,b0f066a214c2f5e87bad3c948f4d605d) (ScriptedImporter) -> (artifact id: '90ce3fe6e2062e477416bd6a6023757a') in 0.001484423 seconds
Number of updated asset objects reloaded before import = 0Number of asset objects unloaded after import = 1

========================================================================
Received Import Request.
  Time since last request: 0.000011 seconds.
  path: Assets/Audio/Leohpaz/RPG_Essentials_Free/10_Battle_SFX/22_Slash_04.wav
  artifactKey: Guid(88b1cbe3caa3fee4b8b103b5edd7aba9) Importer(2089858483,b0f066a214c2f5e87bad3c948f4d605d)
Start importing Assets/Audio/Leohpaz/RPG_Essentials_Free/10_Battle_SFX/22_Slash_04.wav using Guid(88b1cbe3caa3fee4b8b103b5edd7aba9) Importer(2089858483,b0f066a214c2f5e87bad3c948f4d605d) (ScriptedImporter) -> (artifact id: '5acffd3450ca0fe83153fcfe66f65d77') in 0.017514493 seconds
Number of updated asset objects reloaded before import = 0Number of asset objects unloaded after import = 1

========================================================================
Received Import Request.
  Time since last request: 3.052389 seconds.
  path: Assets/Audio/Battle Music Pack DEMO/Battle Theme 5_demo.wav
  artifactKey: Guid(a78303900de031545bfe54fdf32f9c69) Importer(2089858483,b0f066a214c2f5e87bad3c948f4d605d)
Start importing Assets/Audio/Battle Music Pack DEMO/Battle Theme 5_demo.wav using Guid(a78303900de031545bfe54fdf32f9c69) Importer(2089858483,b0f066a214c2f5e87bad3c948f4d605d) (ScriptedImporter) -> (artifact id: '1f5bb71f16f3c14c300d16130df25a35') in 0.017525443 seconds
Number of updated asset objects reloaded before import = 0Number of asset objects unloaded after import = 1

========================================================================
Received Import Request.
  Time since last request: 11.875412 seconds.
  path: Assets/Audio/Multiple Solutions/Basic RPG Sounds/Demo
  artifactKey: Guid(36656b84ec663e34faa60cc86e9039c6) Importer(2089858483,b0f066a214c2f5e87bad3c948f4d605d)
Start importing Assets/Audio/Multiple Solutions/Basic RPG Sounds/Demo using Guid(36656b84ec663e34faa60cc86e9039c6) Importer(2089858483,b0f066a214c2f5e87bad3c948f4d605d) (ScriptedImporter) -> (artifact id: '43dee08b05450eb4f1827f728cd53461') in 0.001258833 seconds
Number of updated asset objects reloaded before import = 0Number of asset objects unloaded after import = 1

========================================================================
Received Import Request.
  Time since last request: 0.000011 seconds.
  path: Assets/Audio/Multiple Solutions/Basic RPG Sounds/Audio/D Pad Item left 3.wav
  artifactKey: Guid(485d6d95f2b4541439e5e5fceb2b0953) Importer(2089858483,b0f066a214c2f5e87bad3c948f4d605d)
Start importing Assets/Audio/Multiple Solutions/Basic RPG Sounds/Audio/D Pad Item left 3.wav using Guid(485d6d95f2b4541439e5e5fceb2b0953) Importer(2089858483,b0f066a214c2f5e87bad3c948f4d605d) (ScriptedImporter) -> (artifact id: 'cb2eb90edc03e84f300e2a18a0cb4dff') in 0.017486159 seconds
Number of updated asset objects reloaded before import = 0Number of asset objects unloaded after import = 1

========================================================================
Received Import Request.
  Time since last request: 0.000012 seconds.
  path: Assets/Audio/Multiple Solutions/Basic RPG Sounds/Audio/Phone Booth 8.wav
  artifactKey: Guid(fdad2ea4856b6b54ab8f72cf8c6de72a) Importer(2089858483,b0f066a214c2f5e87bad3c948f4d605d)
Start importing Assets/Audio/Multiple Solutions/Basic RPG Sounds/Audio/Phone Booth 8.wav using Guid(fdad2ea4856b6b54ab8f72cf8c6de72a) Importer(2089858483,b0f066a214c2f5e87bad3c948f4d605d) (ScriptedImporter) -> (artifact id: 'd2e8e89ae53231e52cdb5d1bb61626cf') in 0.014741383 seconds
Number of updated asset objects reloaded before import = 0Number of asset objects unloaded after import = 1

========================================================================
Received Import Request.
  Time since last request: 0.000012 seconds.
  path: Assets/Audio/Multiple Solutions/Basic RPG Sounds/Audio/Shotgun 2.wav
  artifactKey: Guid(2deeb375c96ad3c46a4009a750865f63) Importer(2089858483,b0f066a214c2f5e87bad3c948f4d605d)
Start importing Assets/Audio/Multiple Solutions/Basic RPG Sounds/Audio/Shotgun 2.wav using Guid(2deeb375c96ad3c46a4009a750865f63) Importer(2089858483,b0f066a214c2f5e87bad3c948f4d605d) (ScriptedImporter) -> (artifact id: '446192366ef148ca1c99b8043cf10bc7') in 0.015050572 seconds
Number of updated asset objects reloaded before import = 0Number of asset objects unloaded after import = 1

========================================================================
Received Import Request.
  Time since last request: 0.000012 seconds.
  path: Assets/Audio/Multiple Solutions/Basic RPG Sounds/Audio/Door Lock 5.wav
  artifactKey: Guid(8f233e5473a4e004d93df44bda67efef) Importer(2089858483,b0f066a214c2f5e87bad3c948f4d605d)
Start importing Assets/Audio/Multiple Solutions/Basic RPG Sounds/Audio/Door Lock 5.wav using Guid(8f233e5473a4e004d93df44bda67efef) Importer(2089858483,b0f066a214c2f5e87bad3c948f4d605d) (ScriptedImporter) -> (artifact id: '1bab6d2f3ba858a90c0997d6cd4f206d') in 0.015181796 seconds
Number of updated asset objects reloaded before import = 0Number of asset objects unloaded after import = 1

========================================================================
Received Import Request.
  Time since last request: 0.000015 seconds.
  path: Assets/Audio/Multiple Solutions/Basic RPG Sounds/Audio/Door Lock 4.wav
  artifactKey: Guid(19216361526904e4db4d49b5f5a173e6) Importer(2089858483,b0f066a214c2f5e87bad3c948f4d605d)
Start importing Assets/Audio/Multiple Solutions/Basic RPG Sounds/Audio/Door Lock 4.wav using Guid(19216361526904e4db4d49b5f5a173e6) Importer(2089858483,b0f066a214c2f5e87bad3c948f4d605d) (ScriptedImporter) -> (artifact id: '0e8157a182009383d302f9b2d74e8fd6') in 0.01689927 seconds
Number of updated asset objects reloaded before import = 0Number of asset objects unloaded after import = 1

========================================================================
Received Import Request.
  Time since last request: 0.000027 seconds.
  path: Assets/Audio/Multiple Solutions/Basic RPG Sounds/Audio/Phone Vibrate.wav
  artifactKey: Guid(b8fccb90cb865474cbeb2b5ffb988218) Importer(2089858483,b0f066a214c2f5e87bad3c948f4d605d)
Start importing Assets/Audio/Multiple Solutions/Basic RPG Sounds/Audio/Phone Vibrate.wav using Guid(b8fccb90cb865474cbeb2b5ffb988218) Importer(2089858483,b0f066a214c2f5e87bad3c948f4d605d) (ScriptedImporter) -> (artifact id: '59a7645787122ec777408020dba27fe0') in 0.014504643 seconds
Number of updated asset objects reloaded before import = 0Number of asset objects unloaded after import = 1

========================================================================
Received Import Request.
  Time since last request: 0.000017 seconds.
  path: Assets/Audio/Multiple Solutions/Basic RPG Sounds/Audio/Glass Breaking Electricity 2.wav
  artifactKey: Guid(905c222510fe904468ea30cc8b3c2df5) Importer(2089858483,b0f066a214c2f5e87bad3c948f4d605d)
Start importing Assets/Audio/Multiple Solutions/Basic RPG Sounds/Audio/Glass Breaking Electricity 2.wav using Guid(905c222510fe904468ea30cc8b3c2df5) Importer(2089858483,b0f066a214c2f5e87bad3c948f4d605d) (ScriptedImporter) -> (artifact id: '5fb66dbbbe78a39cc94a3e8072903d30') in 0.014455907 seconds
Number of updated asset objects reloaded before import = 0Number of asset objects unloaded after import = 1

========================================================================
Received Import Request.
  Time since last request: 0.000008 seconds.
  path: Assets/Audio/Multiple Solutions/Basic RPG Sounds/Audio/D Pad Item Right 3.wav
  artifactKey: Guid(34cd9c94126d88f4cadc2f2a349ab66f) Importer(2089858483,b0f066a214c2f5e87bad3c948f4d605d)
Start importing Assets/Audio/Multiple Solutions/Basic RPG Sounds/Audio/D Pad Item Right 3.wav using Guid(34cd9c94126d88f4cadc2f2a349ab66f) Importer(2089858483,b0f066a214c2f5e87bad3c948f4d605d) (ScriptedImporter) -> (artifact id: 'd5ced2df61ff1f98505d9b005a2957fb') in 0.016134173 seconds
Number of updated asset objects reloaded before import = 0Number of asset objects unloaded after import = 1

========================================================================
Received Import Request.
  Time since last request: 0.000010 seconds.
  path: Assets/Audio/Multiple Solutions/Basic RPG Sounds/Audio/Shotgun 6.wav
  artifactKey: Guid(4f65eb76abef9a146ac023156c8d432d) Importer(2089858483,b0f066a214c2f5e87bad3c948f4d605d)
Start importing Assets/Audio/Multiple Solutions/Basic RPG Sounds/Audio/Shotgun 6.wav using Guid(4f65eb76abef9a146ac023156c8d432d) Importer(2089858483,b0f066a214c2f5e87bad3c948f4d605d) (ScriptedImporter) -> (artifact id: '7761b69d54b4d79d328b2df9c02275c2') in 0.015067758 seconds
Number of updated asset objects reloaded before import = 0Number of asset objects unloaded after import = 1

========================================================================
Received Import Request.
  Time since last request: 0.000009 seconds.
  path: Assets/Audio/Multiple Solutions/Basic RPG Sounds/Audio/Door Lock 1.wav
  artifactKey: Guid(5c04da25867f1e74c87438abed954f2e) Importer(2089858483,b0f066a214c2f5e87bad3c948f4d605d)
Start importing Assets/Audio/Multiple Solutions/Basic RPG Sounds/Audio/Door Lock 1.wav using Guid(5c04da25867f1e74c87438abed954f2e) Importer(2089858483,b0f066a214c2f5e87bad3c948f4d605d) (ScriptedImporter) -> (artifact id: 'c156eb4acbd83f41144b831270211874') in 0.015294481 seconds
Number of updated asset objects reloaded before import = 0Number of asset objects unloaded after import = 1

========================================================================
Received Import Request.
  Time since last request: 0.000011 seconds.
  path: Assets/Audio/Multiple Solutions/Basic RPG Sounds/Audio/Dial Tone 2.wav
  artifactKey: Guid(9fb868b7930a4af4ca4b31504f405553) Importer(2089858483,b0f066a214c2f5e87bad3c948f4d605d)
Start importing Assets/Audio/Multiple Solutions/Basic RPG Sounds/Audio/Dial Tone 2.wav using Guid(9fb868b7930a4af4ca4b31504f405553) Importer(2089858483,b0f066a214c2f5e87bad3c948f4d605d) (ScriptedImporter) -> (artifact id: '04ba5cfd0bf72ebf13bd2530e04da5a9') in 0.015341849 seconds
Number of updated asset objects reloaded before import = 0Number of asset objects unloaded after import = 1

========================================================================
Received Import Request.
  Time since last request: 0.000012 seconds.
  path: Assets/Audio/Multiple Solutions/Basic RPG Sounds/Audio/Phone Booth Dial 1.wav
  artifactKey: Guid(3f27f8f6fab6040428c5490a608a5275) Importer(2089858483,b0f066a214c2f5e87bad3c948f4d605d)
Start importing Assets/Audio/Multiple Solutions/Basic RPG Sounds/Audio/Phone Booth Dial 1.wav using Guid(3f27f8f6fab6040428c5490a608a5275) Importer(2089858483,b0f066a214c2f5e87bad3c948f4d605d) (ScriptedImporter) -> (artifact id: '405ff9596e4584abd7e3394b7c4f1af5') in 0.016974809 seconds
Number of updated asset objects reloaded before import = 0Number of asset objects unloaded after import = 1

========================================================================
Received Import Request.
  Time since last request: 0.000015 seconds.
  path: Assets/Audio/Multiple Solutions/Basic RPG Sounds/Audio/Shovel Digging 1.wav
  artifactKey: Guid(6c5978b1744c3284f9a3643dbbe962f7) Importer(2089858483,b0f066a214c2f5e87bad3c948f4d605d)
Start importing Assets/Audio/Multiple Solutions/Basic RPG Sounds/Audio/Shovel Digging 1.wav using Guid(6c5978b1744c3284f9a3643dbbe962f7) Importer(2089858483,b0f066a214c2f5e87bad3c948f4d605d) (ScriptedImporter) -> (artifact id: '7b7858a10127ce26f44cdb35e2c956b2') in 0.015143552 seconds
Number of updated asset objects reloaded before import = 0Number of asset objects unloaded after import = 1

========================================================================
Received Import Request.
  Time since last request: 0.000020 seconds.
  path: Assets/Audio/Multiple Solutions/Basic RPG Sounds/Audio/Lockpick 3.wav
  artifactKey: Guid(67ea3352c26c68e4d9a032cc014a04ce) Importer(2089858483,b0f066a214c2f5e87bad3c948f4d605d)
Start importing Assets/Audio/Multiple Solutions/Basic RPG Sounds/Audio/Lockpick 3.wav using Guid(67ea3352c26c68e4d9a032cc014a04ce) Importer(2089858483,b0f066a214c2f5e87bad3c948f4d605d) (ScriptedImporter) -> (artifact id: 'dac62fbedb0522d83b263dd8906b4330') in 0.015445452 seconds
Number of updated asset objects reloaded before import = 0Number of asset objects unloaded after import = 1

========================================================================
Received Import Request.
  Time since last request: 0.000022 seconds.
  path: Assets/Audio/Multiple Solutions/Basic RPG Sounds/Audio/Explosion 5 Nuclear.wav
  artifactKey: Guid(23a853a2b09254743ae30c922257206c) Importer(2089858483,b0f066a214c2f5e87bad3c948f4d605d)
Start importing Assets/Audio/Multiple Solutions/Basic RPG Sounds/Audio/Explosion 5 Nuclear.wav using Guid(23a853a2b09254743ae30c922257206c) Importer(2089858483,b0f066a214c2f5e87bad3c948f4d605d) (ScriptedImporter) -> (artifact id: '39db62f9e1cc643cc4e2a501945d59bf') in 0.015192583 seconds
Number of updated asset objects reloaded before import = 0Number of asset objects unloaded after import = 1

========================================================================
Received Import Request.
  Time since last request: 0.000011 seconds.
  path: Assets/Audio/Multiple Solutions/Basic RPG Sounds/Audio/Gattling Laser 6.wav
  artifactKey: Guid(bbda3020444210c4389311a7beae4025) Importer(2089858483,b0f066a214c2f5e87bad3c948f4d605d)
Start importing Assets/Audio/Multiple Solutions/Basic RPG Sounds/Audio/Gattling Laser 6.wav using Guid(bbda3020444210c4389311a7beae4025) Importer(2089858483,b0f066a214c2f5e87bad3c948f4d605d) (ScriptedImporter) -> (artifact id: '820991695af39b7019b7e8a62b862b71') in 0.015674789 seconds
Number of updated asset objects reloaded before import = 0Number of asset objects unloaded after import = 1

========================================================================
Received Import Request.
  Time since last request: 0.000008 seconds.
  path: Assets/Audio/Multiple Solutions/Basic RPG Sounds/Audio/Portal Incoming(Sub-Interior-Medium).wav
  artifactKey: Guid(93256715e476f0442838219a8b096f61) Importer(2089858483,b0f066a214c2f5e87bad3c948f4d605d)
Start importing Assets/Audio/Multiple Solutions/Basic RPG Sounds/Audio/Portal Incoming(Sub-Interior-Medium).wav using Guid(93256715e476f0442838219a8b096f61) Importer(2089858483,b0f066a214c2f5e87bad3c948f4d605d) (ScriptedImporter) -> (artifact id: 'd34ebb95de50a49aa3433b9a25f98583') in 0.016380816 seconds
Number of updated asset objects reloaded before import = 0Number of asset objects unloaded after import = 1

========================================================================
Received Import Request.
  Time since last request: 0.000009 seconds.
  path: Assets/Audio/Multiple Solutions/Basic RPG Sounds/Audio/Safe Cracking 7.wav
  artifactKey: Guid(e7387ebb742e4754ba5fe88ddc82c8a4) Importer(2089858483,b0f066a214c2f5e87bad3c948f4d605d)
Start importing Assets/Audio/Multiple Solutions/Basic RPG Sounds/Audio/Safe Cracking 7.wav using Guid(e7387ebb742e4754ba5fe88ddc82c8a4) Importer(2089858483,b0f066a214c2f5e87bad3c948f4d605d) (ScriptedImporter) -> (artifact id: '86e1a5782d924f683a3521c63d6a5d4c') in 0.016404072 seconds
Number of updated asset objects reloaded before import = 0Number of asset objects unloaded after import = 1

========================================================================
Received Import Request.
  Time since last request: 0.000009 seconds.
  path: Assets/Audio/Multiple Solutions/Basic RPG Sounds/Audio/Portal Temporary 1.wav
  artifactKey: Guid(6557678901442a242b688c8b8e8f1614) Importer(2089858483,b0f066a214c2f5e87bad3c948f4d605d)
Start importing Assets/Audio/Multiple Solutions/Basic RPG Sounds/Audio/Portal Temporary 1.wav using Guid(6557678901442a242b688c8b8e8f1614) Importer(2089858483,b0f066a214c2f5e87bad3c948f4d605d) (ScriptedImporter) -> (artifact id: 'b1ff3b6694681e0bd13dcfb300e2cf99') in 0.017207442 seconds
Number of updated asset objects reloaded before import = 0Number of asset objects unloaded after import = 1

========================================================================
Received Import Request.
  Time since last request: 0.000011 seconds.
  path: Assets/Audio/Multiple Solutions/Basic RPG Sounds/Audio/Safe Cracking 10(Single Click).wav
  artifactKey: Guid(846f11a97b421e94cb6a2781178196de) Importer(2089858483,b0f066a214c2f5e87bad3c948f4d605d)
Start importing Assets/Audio/Multiple Solutions/Basic RPG Sounds/Audio/Safe Cracking 10(Single Click).wav using Guid(846f11a97b421e94cb6a2781178196de) Importer(2089858483,b0f066a214c2f5e87bad3c948f4d605d) (ScriptedImporter) -> (artifact id: '30386ed4765fa91fd57402a91259d6f8') in 0.01551987 seconds
Number of updated asset objects reloaded before import = 0Number of asset objects unloaded after import = 1

========================================================================
Received Import Request.
  Time since last request: 0.000014 seconds.
  path: Assets/Audio/Multiple Solutions/Basic RPG Sounds/Audio/Satellite 1.wav
  artifactKey: Guid(dd965faccafbc424ebec7b8fcac0d90f) Importer(2089858483,b0f066a214c2f5e87bad3c948f4d605d)
Start importing Assets/Audio/Multiple Solutions/Basic RPG Sounds/Audio/Satellite 1.wav using Guid(dd965faccafbc424ebec7b8fcac0d90f) Importer(2089858483,b0f066a214c2f5e87bad3c948f4d605d) (ScriptedImporter) -> (artifact id: '1df3b29169e5c688effdccdaf31c5b50') in 0.015340639 seconds
Number of updated asset objects reloaded before import = 0Number of asset objects unloaded after import = 1

========================================================================
Received Import Request.
  Time since last request: 0.000018 seconds.
  path: Assets/Audio/Multiple Solutions/Basic RPG Sounds/Audio/Glass Breaking 2.wav
  artifactKey: Guid(1f628c5a1e3980b4694b20b3a2bce7a6) Importer(2089858483,b0f066a214c2f5e87bad3c948f4d605d)
Start importing Assets/Audio/Multiple Solutions/Basic RPG Sounds/Audio/Glass Breaking 2.wav using Guid(1f628c5a1e3980b4694b20b3a2bce7a6) Importer(2089858483,b0f066a214c2f5e87bad3c948f4d605d) (ScriptedImporter) -> (artifact id: '6e1301beb97fc98207567da00f9edab3') in 0.015651791 seconds
Number of updated asset objects reloaded before import = 0Number of asset objects unloaded after import = 1

========================================================================
Received Import Request.
  Time since last request: 0.000010 seconds.
  path: Assets/Audio/Multiple Solutions/Basic RPG Sounds/Audio/Pressure Containment Unlock 4.wav
  artifactKey: Guid(24a75b0ac7a0f7344a1c1e18e5d71806) Importer(2089858483,b0f066a214c2f5e87bad3c948f4d605d)
Start importing Assets/Audio/Multiple Solutions/Basic RPG Sounds/Audio/Pressure Containment Unlock 4.wav using Guid(24a75b0ac7a0f7344a1c1e18e5d71806) Importer(2089858483,b0f066a214c2f5e87bad3c948f4d605d) (ScriptedImporter) -> (artifact id: 'f0c20d6fcf3595d34ddb5052593b1ddb') in 0.015296855 seconds
Number of updated asset objects reloaded before import = 0Number of asset objects unloaded after import = 1

========================================================================
Received Import Request.
  Time since last request: 0.000010 seconds.
  path: Assets/Audio/Multiple Solutions/Basic RPG Sounds/Audio/Door Dungeon Lock 3.wav
  artifactKey: Guid(1b5b12b8469b8324488bbf1fbdaf27f8) Importer(2089858483,b0f066a214c2f5e87bad3c948f4d605d)
Start importing Assets/Audio/Multiple Solutions/Basic RPG Sounds/Audio/Door Dungeon Lock 3.wav using Guid(1b5b12b8469b8324488bbf1fbdaf27f8) Importer(2089858483,b0f066a214c2f5e87bad3c948f4d605d) (ScriptedImporter) -> (artifact id: '0da68a61a38808eac51ca0ea49866887') in 0.014877013 seconds
Number of updated asset objects reloaded before import = 0Number of asset objects unloaded after import = 1

========================================================================
Received Import Request.
  Time since last request: 0.000009 seconds.
  path: Assets/Audio/Multiple Solutions/Basic RPG Sounds/Audio/Electricity 5.wav
  artifactKey: Guid(bf9852cad53425041a03e4b39578eb08) Importer(2089858483,b0f066a214c2f5e87bad3c948f4d605d)
Start importing Assets/Audio/Multiple Solutions/Basic RPG Sounds/Audio/Electricity 5.wav using Guid(bf9852cad53425041a03e4b39578eb08) Importer(2089858483,b0f066a214c2f5e87bad3c948f4d605d) (ScriptedImporter) -> (artifact id: 'd21653d265638c91e47376052af60017') in 0.015583481 seconds
Number of updated asset objects reloaded before import = 0Number of asset objects unloaded after import = 1

========================================================================
Received Import Request.
  Time since last request: 0.000009 seconds.
  path: Assets/Audio/Multiple Solutions/Basic RPG Sounds/Audio/D Pad Item left 4.wav
  artifactKey: Guid(40a9e789d759ca9439b83fa6b754046e) Importer(2089858483,b0f066a214c2f5e87bad3c948f4d605d)
Start importing Assets/Audio/Multiple Solutions/Basic RPG Sounds/Audio/D Pad Item left 4.wav using Guid(40a9e789d759ca9439b83fa6b754046e) Importer(2089858483,b0f066a214c2f5e87bad3c948f4d605d) (ScriptedImporter) -> (artifact id: '3045c858826e08fe55d9154b74306488') in 0.015273503 seconds
Number of updated asset objects reloaded before import = 0Number of asset objects unloaded after import = 1

========================================================================
Received Import Request.
  Time since last request: 0.000010 seconds.
  path: Assets/Audio/Multiple Solutions/Basic RPG Sounds/Audio/D Pad Item Down 4.wav
  artifactKey: Guid(94f1f6fb1a4ec6d4ab48a3fd9236c07d) Importer(2089858483,b0f066a214c2f5e87bad3c948f4d605d)
Start importing Assets/Audio/Multiple Solutions/Basic RPG Sounds/Audio/D Pad Item Down 4.wav using Guid(94f1f6fb1a4ec6d4ab48a3fd9236c07d) Importer(2089858483,b0f066a214c2f5e87bad3c948f4d605d) (ScriptedImporter) -> (artifact id: 'efe94d6e6c9a1f73ecca433f8b8fa1f5') in 0.015902355 seconds
Number of updated asset objects reloaded before import = 0Number of asset objects unloaded after import = 1

========================================================================
Received Import Request.
  Time since last request: 0.000014 seconds.
  path: Assets/Audio/Multiple Solutions/Basic RPG Sounds/Audio/Lockpick 7.wav
  artifactKey: Guid(f8e7e8199ddeeb246aa0c9f5cb7fd977) Importer(2089858483,b0f066a214c2f5e87bad3c948f4d605d)
Start importing Assets/Audio/Multiple Solutions/Basic RPG Sounds/Audio/Lockpick 7.wav using Guid(f8e7e8199ddeeb246aa0c9f5cb7fd977) Importer(2089858483,b0f066a214c2f5e87bad3c948f4d605d) (ScriptedImporter) -> (artifact id: '3eb719d720d8dddaf0cb517d5d5ddb58') in 0.0155274 seconds
Number of updated asset objects reloaded before import = 0Number of asset objects unloaded after import = 1

========================================================================
Received Import Request.
  Time since last request: 0.000012 seconds.
  path: Assets/Audio/Multiple Solutions/Basic RPG Sounds/Audio/Door Dungeon Lock 1.wav
  artifactKey: Guid(77b4b09bf30c8e7448468f7687cb1fce) Importer(2089858483,b0f066a214c2f5e87bad3c948f4d605d)
Start importing Assets/Audio/Multiple Solutions/Basic RPG Sounds/Audio/Door Dungeon Lock 1.wav using Guid(77b4b09bf30c8e7448468f7687cb1fce) Importer(2089858483,b0f066a214c2f5e87bad3c948f4d605d) (ScriptedImporter) -> (artifact id: 'ea5349517b4b6604320d2db3fa34317a') in 0.015502049 seconds
Number of updated asset objects reloaded before import = 0Number of asset objects unloaded after import = 1

========================================================================
Received Import Request.
  Time since last request: 0.000017 seconds.
  path: Assets/Audio/Multiple Solutions/Basic RPG Sounds/Audio/Underwater 2.wav
  artifactKey: Guid(9d4e9b69e6f225a4485431d82b32ad0f) Importer(2089858483,b0f066a214c2f5e87bad3c948f4d605d)
Start importing Assets/Audio/Multiple Solutions/Basic RPG Sounds/Audio/Underwater 2.wav using Guid(9d4e9b69e6f225a4485431d82b32ad0f) Importer(2089858483,b0f066a214c2f5e87bad3c948f4d605d) (ScriptedImporter) -> (artifact id: '312c80eb2998022a10463c55e212f033') in 0.018067775 seconds
Number of updated asset objects reloaded before import = 0Number of asset objects unloaded after import = 1

========================================================================
Received Import Request.
  Time since last request: 0.000011 seconds.
  path: Assets/Audio/Multiple Solutions/Basic RPG Sounds/Audio/Door Lock 3.wav
  artifactKey: Guid(660d04eaad7e5704088fb5ce2e778ba0) Importer(2089858483,b0f066a214c2f5e87bad3c948f4d605d)
Start importing Assets/Audio/Multiple Solutions/Basic RPG Sounds/Audio/Door Lock 3.wav using Guid(660d04eaad7e5704088fb5ce2e778ba0) Importer(2089858483,b0f066a214c2f5e87bad3c948f4d605d) (ScriptedImporter) -> (artifact id: 'b72a23a7c220173a6637b56b6b5e7e9d') in 0.015584072 seconds
Number of updated asset objects reloaded before import = 0Number of asset objects unloaded after import = 1

========================================================================
Received Import Request.
  Time since last request: 0.000010 seconds.
  path: Assets/Audio/Multiple Solutions/Basic RPG Sounds/Audio/Underwater 9.wav
  artifactKey: Guid(06b46a78bf3e05248a87d97cea2c0684) Importer(2089858483,b0f066a214c2f5e87bad3c948f4d605d)
Start importing Assets/Audio/Multiple Solutions/Basic RPG Sounds/Audio/Underwater 9.wav using Guid(06b46a78bf3e05248a87d97cea2c0684) Importer(2089858483,b0f066a214c2f5e87bad3c948f4d605d) (ScriptedImporter) -> (artifact id: '02b2edb5c91c1002400f3973622225e9') in 0.015298233 seconds
Number of updated asset objects reloaded before import = 0Number of asset objects unloaded after import = 1

========================================================================
Received Import Request.
  Time since last request: 0.000009 seconds.
  path: Assets/Audio/Multiple Solutions/Basic RPG Sounds/Audio/Pressure Containment Unlock 2.wav
  artifactKey: Guid(03787a23ff566424788ce56c25610348) Importer(2089858483,b0f066a214c2f5e87bad3c948f4d605d)
Start importing Assets/Audio/Multiple Solutions/Basic RPG Sounds/Audio/Pressure Containment Unlock 2.wav using Guid(03787a23ff566424788ce56c25610348) Importer(2089858483,b0f066a214c2f5e87bad3c948f4d605d) (ScriptedImporter) -> (artifact id: 'fb2148a92f526acdecae3fce6ec08ee0') in 0.015182901 seconds
Number of updated asset objects reloaded before import = 0Number of asset objects unloaded after import = 1

========================================================================
Received Import Request.
  Time since last request: 0.000010 seconds.
  path: Assets/Audio/Multiple Solutions/Basic RPG Sounds/Audio/Running Snow 3(Breathing).wav
  artifactKey: Guid(7f9fb0b13d039e84082989ee0f0dab84) Importer(2089858483,b0f066a214c2f5e87bad3c948f4d605d)
Start importing Assets/Audio/Multiple Solutions/Basic RPG Sounds/Audio/Running Snow 3(Breathing).wav using Guid(7f9fb0b13d039e84082989ee0f0dab84) Importer(2089858483,b0f066a214c2f5e87bad3c948f4d605d) (ScriptedImporter) -> (artifact id: '6175dddbf544a290ca899f4b3cbdc506') in 0.015148626 seconds
Number of updated asset objects reloaded before import = 0Number of asset objects unloaded after import = 1

========================================================================
Received Import Request.
  Time since last request: 0.000009 seconds.
  path: Assets/Audio/Multiple Solutions/Basic RPG Sounds/Audio/Phone Booth Dial 4.wav
  artifactKey: Guid(a5beb20f9e764e949a4a4460ceee1e3c) Importer(2089858483,b0f066a214c2f5e87bad3c948f4d605d)
Start importing Assets/Audio/Multiple Solutions/Basic RPG Sounds/Audio/Phone Booth Dial 4.wav using Guid(a5beb20f9e764e949a4a4460ceee1e3c) Importer(2089858483,b0f066a214c2f5e87bad3c948f4d605d) (ScriptedImporter) -> (artifact id: 'a5e6229bfafa68a1411f20bd4e66365c') in 0.015000269 seconds
Number of updated asset objects reloaded before import = 0Number of asset objects unloaded after import = 1

========================================================================
Received Import Request.
  Time since last request: 0.000014 seconds.
  path: Assets/Audio/Multiple Solutions/Basic RPG Sounds/Audio/Menu Pop Up Close 1.wav
  artifactKey: Guid(db57edffe517306468535dc2bc922e2f) Importer(2089858483,b0f066a214c2f5e87bad3c948f4d605d)
Start importing Assets/Audio/Multiple Solutions/Basic RPG Sounds/Audio/Menu Pop Up Close 1.wav using Guid(db57edffe517306468535dc2bc922e2f) Importer(2089858483,b0f066a214c2f5e87bad3c948f4d605d) (ScriptedImporter) -> (artifact id: '99dab8d8f160ccb9141b27eeae4dc4c6') in 0.014894527 seconds
Number of updated asset objects reloaded before import = 0Number of asset objects unloaded after import = 1

========================================================================
Received Import Request.
  Time since last request: 0.000013 seconds.
  path: Assets/Audio/Multiple Solutions/Basic RPG Sounds/Audio/Pistol 1.wav
  artifactKey: Guid(9b33b3cec704308458f83281ec5ff75d) Importer(2089858483,b0f066a214c2f5e87bad3c948f4d605d)
Start importing Assets/Audio/Multiple Solutions/Basic RPG Sounds/Audio/Pistol 1.wav using Guid(9b33b3cec704308458f83281ec5ff75d) Importer(2089858483,b0f066a214c2f5e87bad3c948f4d605d) (ScriptedImporter) -> (artifact id: 'c61d52ed95ac8152f4b1979f0e0e4d7d') in 0.015059441 seconds
Number of updated asset objects reloaded before import = 0Number of asset objects unloaded after import = 1

========================================================================
Received Import Request.
  Time since last request: 0.000021 seconds.
  path: Assets/Audio/Multiple Solutions/Basic RPG Sounds/Audio/Submarine 3(Underwater).wav
  artifactKey: Guid(045cb9ec74d7f084381c57e82304f5ad) Importer(2089858483,b0f066a214c2f5e87bad3c948f4d605d)
Start importing Assets/Audio/Multiple Solutions/Basic RPG Sounds/Audio/Submarine 3(Underwater).wav using Guid(045cb9ec74d7f084381c57e82304f5ad) Importer(2089858483,b0f066a214c2f5e87bad3c948f4d605d) (ScriptedImporter) -> (artifact id: '00e29952844e47d6f3bee065e43f0108') in 0.016228457 seconds
Number of updated asset objects reloaded before import = 0Number of asset objects unloaded after import = 1

========================================================================
Received Import Request.
  Time since last request: 0.000010 seconds.
  path: Assets/Audio/Multiple Solutions/Basic RPG Sounds/Audio/Electricity 6.wav
  artifactKey: Guid(d6cbc89d969250842ab99dd2d44db7cf) Importer(2089858483,b0f066a214c2f5e87bad3c948f4d605d)
Start importing Assets/Audio/Multiple Solutions/Basic RPG Sounds/Audio/Electricity 6.wav using Guid(d6cbc89d969250842ab99dd2d44db7cf) Importer(2089858483,b0f066a214c2f5e87bad3c948f4d605d) (ScriptedImporter) -> (artifact id: 'b313f430c2aba8325a69963f819b3c8e') in 0.015028574 seconds
Number of updated asset objects reloaded before import = 0Number of asset objects unloaded after import = 1

========================================================================
Received Import Request.
  Time since last request: 0.000013 seconds.
  path: Assets/Audio/Multiple Solutions/Basic RPG Sounds/Audio/Gattling Gun 2.wav
  artifactKey: Guid(08b04dcd1d6c59243aab41328be4c933) Importer(2089858483,b0f066a214c2f5e87bad3c948f4d605d)
Start importing Assets/Audio/Multiple Solutions/Basic RPG Sounds/Audio/Gattling Gun 2.wav using Guid(08b04dcd1d6c59243aab41328be4c933) Importer(2089858483,b0f066a214c2f5e87bad3c948f4d605d) (ScriptedImporter) -> (artifact id: 'f5b658ceb8d7e36147c99823d66ebd50') in 0.01603027 seconds
Number of updated asset objects reloaded before import = 0Number of asset objects unloaded after import = 1

========================================================================
Received Import Request.
  Time since last request: 0.000013 seconds.
  path: Assets/Audio/Multiple Solutions/Basic RPG Sounds/Audio/Electricity 4.wav
  artifactKey: Guid(221cc92ff502735498aaae3c8bc79ecf) Importer(2089858483,b0f066a214c2f5e87bad3c948f4d605d)
Start importing Assets/Audio/Multiple Solutions/Basic RPG Sounds/Audio/Electricity 4.wav using Guid(221cc92ff502735498aaae3c8bc79ecf) Importer(2089858483,b0f066a214c2f5e87bad3c948f4d605d) (ScriptedImporter) -> (artifact id: 'b0f09aba39f9410ac148a5875d701461') in 0.014847456 seconds
Number of updated asset objects reloaded before import = 0Number of asset objects unloaded after import = 1

========================================================================
Received Import Request.
  Time since last request: 0.000009 seconds.
  path: Assets/Audio/Multiple Solutions/Basic RPG Sounds/Audio/Lockpick 8.wav
  artifactKey: Guid(8b3fd1efaef453d4db3317c1e3962207) Importer(2089858483,b0f066a214c2f5e87bad3c948f4d605d)
Start importing Assets/Audio/Multiple Solutions/Basic RPG Sounds/Audio/Lockpick 8.wav using Guid(8b3fd1efaef453d4db3317c1e3962207) Importer(2089858483,b0f066a214c2f5e87bad3c948f4d605d) (ScriptedImporter) -> (artifact id: '013af237aa805c5f9d16a9e202996f7a') in 0.014888825 seconds
Number of updated asset objects reloaded before import = 0Number of asset objects unloaded after import = 1

========================================================================
Received Import Request.
  Time since last request: 0.000012 seconds.
  path: Assets/Audio/Multiple Solutions/Basic RPG Sounds/Audio/Phone Booth 9.wav
  artifactKey: Guid(3b6188eeafe17b74d9745fdcc18ad229) Importer(2089858483,b0f066a214c2f5e87bad3c948f4d605d)
Start importing Assets/Audio/Multiple Solutions/Basic RPG Sounds/Audio/Phone Booth 9.wav using Guid(3b6188eeafe17b74d9745fdcc18ad229) Importer(2089858483,b0f066a214c2f5e87bad3c948f4d605d) (ScriptedImporter) -> (artifact id: '2e4a4dfd5b2cc63d3d03cbf12fdfdf15') in 0.015213657 seconds
Number of updated asset objects reloaded before import = 0Number of asset objects unloaded after import = 1

========================================================================
Received Import Request.
  Time since last request: 0.000007 seconds.
  path: Assets/Audio/Multiple Solutions/Basic RPG Sounds/Audio/Flying 1.wav
  artifactKey: Guid(3f57e647fa366f94d9bdb8fc5884cc36) Importer(2089858483,b0f066a214c2f5e87bad3c948f4d605d)
Start importing Assets/Audio/Multiple Solutions/Basic RPG Sounds/Audio/Flying 1.wav using Guid(3f57e647fa366f94d9bdb8fc5884cc36) Importer(2089858483,b0f066a214c2f5e87bad3c948f4d605d) (ScriptedImporter) -> (artifact id: 'd741ba75004028589e7ee91e910d86d6') in 0.01503733 seconds
Number of updated asset objects reloaded before import = 0Number of asset objects unloaded after import = 1

========================================================================
Received Import Request.
  Time since last request: 0.000013 seconds.
  path: Assets/Audio/Multiple Solutions/Basic RPG Sounds/Audio/Explosion 1.wav
  artifactKey: Guid(f37ed82671e869145941c2fb511aea9a) Importer(2089858483,b0f066a214c2f5e87bad3c948f4d605d)
Start importing Assets/Audio/Multiple Solutions/Basic RPG Sounds/Audio/Explosion 1.wav using Guid(f37ed82671e869145941c2fb511aea9a) Importer(2089858483,b0f066a214c2f5e87bad3c948f4d605d) (ScriptedImporter) -> (artifact id: '55f2fe2d956c0e8443073d5db5bec223') in 0.015389791 seconds
Number of updated asset objects reloaded before import = 0Number of asset objects unloaded after import = 1

========================================================================
Received Import Request.
  Time since last request: 0.000015 seconds.
  path: Assets/Audio/Multiple Solutions/Basic RPG Sounds/Audio/Electricity 2.wav
  artifactKey: Guid(a66ce3e6bfc4ee64495f82fa8af5e68c) Importer(2089858483,b0f066a214c2f5e87bad3c948f4d605d)
Start importing Assets/Audio/Multiple Solutions/Basic RPG Sounds/Audio/Electricity 2.wav using Guid(a66ce3e6bfc4ee64495f82fa8af5e68c) Importer(2089858483,b0f066a214c2f5e87bad3c948f4d605d) (ScriptedImporter) -> (artifact id: '2c082d2463a5bdca8091b8922513ab87') in 0.014737073 seconds
Number of updated asset objects reloaded before import = 0Number of asset objects unloaded after import = 1

========================================================================
Received Import Request.
  Time since last request: 0.000012 seconds.
  path: Assets/Audio/Multiple Solutions/Basic RPG Sounds/Audio/Underwater 1.wav
  artifactKey: Guid(c50bf477ee6b9b04993070e96e3adad3) Importer(2089858483,b0f066a214c2f5e87bad3c948f4d605d)
Start importing Assets/Audio/Multiple Solutions/Basic RPG Sounds/Audio/Underwater 1.wav using Guid(c50bf477ee6b9b04993070e96e3adad3) Importer(2089858483,b0f066a214c2f5e87bad3c948f4d605d) (ScriptedImporter) -> (artifact id: 'c82563a1cabd3611f1202d27883cc095') in 0.014774576 seconds
Number of updated asset objects reloaded before import = 0Number of asset objects unloaded after import = 1

========================================================================
Received Import Request.
  Time since last request: 0.000009 seconds.
  path: Assets/Audio/Multiple Solutions/Basic RPG Sounds/Audio/Door Dungeon Lock 2.wav
  artifactKey: Guid(6c040d59abb9da9448deb7f0499878ca) Importer(2089858483,b0f066a214c2f5e87bad3c948f4d605d)
Start importing Assets/Audio/Multiple Solutions/Basic RPG Sounds/Audio/Door Dungeon Lock 2.wav using Guid(6c040d59abb9da9448deb7f0499878ca) Importer(2089858483,b0f066a214c2f5e87bad3c948f4d605d) (ScriptedImporter) -> (artifact id: '4a824380dfeea1fa895c844c2b7eec06') in 0.01478041 seconds
Number of updated asset objects reloaded before import = 0Number of asset objects unloaded after import = 1

========================================================================
Received Import Request.
  Time since last request: 0.000010 seconds.
  path: Assets/Audio/Multiple Solutions/Basic RPG Sounds/Audio/Pressure Containment Unlock 5.wav
  artifactKey: Guid(5bd2cd813788d524bbe193e068ca5fbd) Importer(2089858483,b0f066a214c2f5e87bad3c948f4d605d)
Start importing Assets/Audio/Multiple Solutions/Basic RPG Sounds/Audio/Pressure Containment Unlock 5.wav using Guid(5bd2cd813788d524bbe193e068ca5fbd) Importer(2089858483,b0f066a214c2f5e87bad3c948f4d605d) (ScriptedImporter) -> (artifact id: '592b313aa7957bc7e1670178aa8cc7e5') in 0.017327278 seconds
Number of updated asset objects reloaded before import = 0Number of asset objects unloaded after import = 1

========================================================================
Received Import Request.
  Time since last request: 0.000009 seconds.
  path: Assets/Audio/Multiple Solutions/Basic RPG Sounds/Audio/Lockpick 1.wav
  artifactKey: Guid(05aef5690d6a599449bde289382197e2) Importer(2089858483,b0f066a214c2f5e87bad3c948f4d605d)
Start importing Assets/Audio/Multiple Solutions/Basic RPG Sounds/Audio/Lockpick 1.wav using Guid(05aef5690d6a599449bde289382197e2) Importer(2089858483,b0f066a214c2f5e87bad3c948f4d605d) (ScriptedImporter) -> (artifact id: '4b9923b11373cbb858dd0474bd78f741') in 0.015593505 seconds
Number of updated asset objects reloaded before import = 0Number of asset objects unloaded after import = 1

Editor requested this worker to shutdown with reason: Scaling down because of idle timeout
AssetImportWorker is now disconnected from the server
Process exiting

SDL leaked 2 allocations
